<?xml version="1.0" encoding="UTF-8"?>
<!-- Generated by org.testng.reporters.JUnitReportReporter -->
<testsuite skipped="0" hostname="IBM-Testing01" name="test.verifyGoogletest" tests="2" failures="0" timestamp="09 Mar 2020 06:54:22 GMT" time="18.214" errors="0">
  <testcase name="checklogo" time="10.313" classname="test.verifyGoogletest"/>
  <testcase name="checkurl" time="7.901" classname="test.verifyGoogletest"/>
</testsuite> <!-- test.verifyGoogletest -->
